  [1m[35m (25.0ms)[0m  [1m[35mCREATE TABLE "schema_migrations" ("version" character varying NOT NULL PRIMARY KEY)[0m
  [1m[35m (4.4ms)[0m  [1m[35mCREATE TABLE "ar_internal_metadata" ("key" character varying NOT NULL PRIMARY KEY, "value" character varying, "created_at" timestamp NOT NULL, "updated_at" timestamp NOT NULL)[0m
  [1m[35m (1.9ms)[0m  [1m[34mSELECT pg_try_advisory_lock(221022224779759725)[0m
  [1m[35m (1.7ms)[0m  [1m[34mSELECT "schema_migrations"."version" FROM "schema_migrations" ORDER BY "schema_migrations"."version" ASC[0m
Migrating to CreateUsers (20171219152429)
  [1m[35m (0.8ms)[0m  [1m[35mBEGIN[0m
  [1m[35m (10.4ms)[0m  [1m[35mCREATE TABLE "users" ("id" bigserial primary key, "username" character varying, "password_digest" character varying, "created_at" timestamp NOT NULL, "updated_at" timestamp NOT NULL)[0m
  [1m[35mSQL (6.7ms)[0m  [1m[32mINSERT INTO "schema_migrations" ("version") VALUES ($1) RETURNING "version"[0m  [["version", "20171219152429"]]
  [1m[35m (1.2ms)[0m  [1m[35mCOMMIT[0m
Migrating to CreatePortfolios (20171219152542)
  [1m[35m (0.7ms)[0m  [1m[35mBEGIN[0m
  [1m[35m (13.3ms)[0m  [1m[35mCREATE TABLE "portfolios" ("id" bigserial primary key, "name" character varying, "description" character varying, "user_id" bigint, "created_at" timestamp NOT NULL, "updated_at" timestamp NOT NULL, CONSTRAINT "fk_rails_2abc71c887"
FOREIGN KEY ("user_id")
  REFERENCES "users" ("id")
)[0m
  [1m[35m (1.7ms)[0m  [1m[35mCREATE  INDEX  "index_portfolios_on_user_id" ON "portfolios"  ("user_id")[0m
  [1m[35mSQL (1.0ms)[0m  [1m[32mINSERT INTO "schema_migrations" ("version") VALUES ($1) RETURNING "version"[0m  [["version", "20171219152542"]]
  [1m[35m (0.7ms)[0m  [1m[35mCOMMIT[0m
Migrating to CreateCoins (20171219152636)
  [1m[35m (0.5ms)[0m  [1m[35mBEGIN[0m
  [1m[35m (5.7ms)[0m  [1m[35mCREATE TABLE "coins" ("id" bigserial primary key, "name" character varying, "symbol" character varying, "created_at" timestamp NOT NULL, "updated_at" timestamp NOT NULL)[0m
  [1m[35mSQL (0.6ms)[0m  [1m[32mINSERT INTO "schema_migrations" ("version") VALUES ($1) RETURNING "version"[0m  [["version", "20171219152636"]]
  [1m[35m (0.8ms)[0m  [1m[35mCOMMIT[0m
Migrating to CreatePortfolioCoins (20171219153157)
  [1m[35m (0.5ms)[0m  [1m[35mBEGIN[0m
  [1m[35m (7.7ms)[0m  [1m[35mCREATE TABLE "portfolio_coins" ("id" bigserial primary key, "trans_price" decimal, "trans_type" character varying, "quantity" decimal, "paper_currency" character varying, "portfolio_id" bigint, "coin_id" bigint, "created_at" timestamp NOT NULL, "updated_at" timestamp NOT NULL, CONSTRAINT "fk_rails_bf5a0258b9"
FOREIGN KEY ("portfolio_id")
  REFERENCES "portfolios" ("id")
, CONSTRAINT "fk_rails_092050f5d5"
FOREIGN KEY ("coin_id")
  REFERENCES "coins" ("id")
)[0m
  [1m[35m (1.4ms)[0m  [1m[35mCREATE  INDEX  "index_portfolio_coins_on_portfolio_id" ON "portfolio_coins"  ("portfolio_id")[0m
  [1m[35m (2.5ms)[0m  [1m[35mCREATE  INDEX  "index_portfolio_coins_on_coin_id" ON "portfolio_coins"  ("coin_id")[0m
  [1m[35mSQL (0.6ms)[0m  [1m[32mINSERT INTO "schema_migrations" ("version") VALUES ($1) RETURNING "version"[0m  [["version", "20171219153157"]]
  [1m[35m (0.9ms)[0m  [1m[35mCOMMIT[0m
  [1m[36mActiveRecord::InternalMetadata Load (1.0ms)[0m  [1m[34mSELECT  "ar_internal_metadata".* FROM "ar_internal_metadata" WHERE "ar_internal_metadata"."key" = $1 LIMIT $2[0m  [["key", "environment"], ["LIMIT", 1]]
  [1m[35m (0.2ms)[0m  [1m[35mBEGIN[0m
  [1m[35mSQL (1.8ms)[0m  [1m[32mINSERT INTO "ar_internal_metadata" ("key", "value", "created_at", "updated_at") VALUES ($1, $2, $3, $4) RETURNING "key"[0m  [["key", "environment"], ["value", "development"], ["created_at", "2017-12-19 16:54:39.285381"], ["updated_at", "2017-12-19 16:54:39.285381"]]
  [1m[35m (0.5ms)[0m  [1m[35mCOMMIT[0m
  [1m[35m (0.3ms)[0m  [1m[34mSELECT pg_advisory_unlock(221022224779759725)[0m
  [1m[35m (1.0ms)[0m  [1m[34mSELECT "schema_migrations"."version" FROM "schema_migrations" ORDER BY "schema_migrations"."version" ASC[0m
  [1m[35m (0.3ms)[0m  [1m[34mSELECT pg_try_advisory_lock(221022224779759725)[0m
  [1m[35m (1.2ms)[0m  [1m[34mSELECT "schema_migrations"."version" FROM "schema_migrations" ORDER BY "schema_migrations"."version" ASC[0m
  [1m[36mActiveRecord::InternalMetadata Load (1.4ms)[0m  [1m[34mSELECT  "ar_internal_metadata".* FROM "ar_internal_metadata" WHERE "ar_internal_metadata"."key" = $1 LIMIT $2[0m  [["key", "environment"], ["LIMIT", 1]]
  [1m[35m (0.3ms)[0m  [1m[35mBEGIN[0m
  [1m[35m (0.2ms)[0m  [1m[35mCOMMIT[0m
  [1m[35m (0.3ms)[0m  [1m[34mSELECT pg_advisory_unlock(221022224779759725)[0m
  [1m[35m (0.8ms)[0m  [1m[34mSELECT "schema_migrations"."version" FROM "schema_migrations" ORDER BY "schema_migrations"."version" ASC[0m
  [1m[36mUser Load (0.9ms)[0m  [1m[34mSELECT  "users".* FROM "users" LIMIT $1[0m  [["LIMIT", 11]]
  [1m[35m (0.3ms)[0m  [1m[34mSELECT pg_try_advisory_lock(221022224779759725)[0m
  [1m[35m (2.1ms)[0m  [1m[34mSELECT "schema_migrations"."version" FROM "schema_migrations" ORDER BY "schema_migrations"."version" ASC[0m
  [1m[36mActiveRecord::InternalMetadata Load (1.0ms)[0m  [1m[34mSELECT  "ar_internal_metadata".* FROM "ar_internal_metadata" WHERE "ar_internal_metadata"."key" = $1 LIMIT $2[0m  [["key", "environment"], ["LIMIT", 1]]
  [1m[35m (0.2ms)[0m  [1m[35mBEGIN[0m
  [1m[35m (0.2ms)[0m  [1m[35mCOMMIT[0m
  [1m[35m (0.3ms)[0m  [1m[34mSELECT pg_advisory_unlock(221022224779759725)[0m
  [1m[35m (0.4ms)[0m  [1m[34mSELECT "schema_migrations"."version" FROM "schema_migrations" ORDER BY "schema_migrations"."version" ASC[0m
  [1m[36mUser Load (0.5ms)[0m  [1m[34mSELECT  "users".* FROM "users" LIMIT $1[0m  [["LIMIT", 11]]
Started GET "/" for 127.0.0.1 at 2017-12-19 13:57:57 -0500
  [1m[35m (1.5ms)[0m  [1m[34mSELECT "schema_migrations"."version" FROM "schema_migrations" ORDER BY "schema_migrations"."version" ASC[0m
Processing by Rails::WelcomeController#index as HTML
  Rendering /Users/geneyoo/.rvm/gems/ruby-2.3.5/gems/railties-5.1.4/lib/rails/templates/rails/welcome/index.html.erb
  Rendered /Users/geneyoo/.rvm/gems/ruby-2.3.5/gems/railties-5.1.4/lib/rails/templates/rails/welcome/index.html.erb (6.6ms)
Completed 200 OK in 20ms (Views: 14.5ms | ActiveRecord: 0.0ms)


Started GET "/" for 127.0.0.1 at 2017-12-19 14:01:22 -0500
  [1m[35m (1.4ms)[0m  [1m[34mSELECT "schema_migrations"."version" FROM "schema_migrations" ORDER BY "schema_migrations"."version" ASC[0m
Processing by Rails::WelcomeController#index as HTML
  Rendering /Users/geneyoo/.rvm/gems/ruby-2.3.5/gems/railties-5.1.4/lib/rails/templates/rails/welcome/index.html.erb
  Rendered /Users/geneyoo/.rvm/gems/ruby-2.3.5/gems/railties-5.1.4/lib/rails/templates/rails/welcome/index.html.erb (6.3ms)
Completed 200 OK in 19ms (Views: 15.6ms | ActiveRecord: 0.0ms)


Started OPTIONS "/signup" for 127.0.0.1 at 2017-12-19 15:13:17 -0500
  
ActionController::RoutingError (No route matches [OPTIONS] "/signup"):
  
actionpack (5.1.4) lib/action_dispatch/middleware/debug_exceptions.rb:63:in `call'
actionpack (5.1.4) lib/action_dispatch/middleware/show_exceptions.rb:31:in `call'
railties (5.1.4) lib/rails/rack/logger.rb:36:in `call_app'
railties (5.1.4) lib/rails/rack/logger.rb:24:in `block in call'
activesupport (5.1.4) lib/active_support/tagged_logging.rb:69:in `block in tagged'
activesupport (5.1.4) lib/active_support/tagged_logging.rb:26:in `tagged'
activesupport (5.1.4) lib/active_support/tagged_logging.rb:69:in `tagged'
railties (5.1.4) lib/rails/rack/logger.rb:24:in `call'
actionpack (5.1.4) lib/action_dispatch/middleware/remote_ip.rb:79:in `call'
actionpack (5.1.4) lib/action_dispatch/middleware/request_id.rb:25:in `call'
rack (2.0.3) lib/rack/runtime.rb:22:in `call'
activesupport (5.1.4) lib/active_support/cache/strategy/local_cache_middleware.rb:27:in `call'
actionpack (5.1.4) lib/action_dispatch/middleware/executor.rb:12:in `call'
actionpack (5.1.4) lib/action_dispatch/middleware/static.rb:125:in `call'
rack (2.0.3) lib/rack/sendfile.rb:111:in `call'
railties (5.1.4) lib/rails/engine.rb:522:in `call'
puma (3.11.0) lib/puma/configuration.rb:225:in `call'
puma (3.11.0) lib/puma/server.rb:624:in `handle_request'
puma (3.11.0) lib/puma/server.rb:438:in `process_client'
puma (3.11.0) lib/puma/server.rb:302:in `block in run'
puma (3.11.0) lib/puma/thread_pool.rb:120:in `block in spawn_thread'
Started OPTIONS "/signup" for 127.0.0.1 at 2017-12-19 15:13:28 -0500
  
ActionController::RoutingError (No route matches [OPTIONS] "/signup"):
  
actionpack (5.1.4) lib/action_dispatch/middleware/debug_exceptions.rb:63:in `call'
actionpack (5.1.4) lib/action_dispatch/middleware/show_exceptions.rb:31:in `call'
railties (5.1.4) lib/rails/rack/logger.rb:36:in `call_app'
railties (5.1.4) lib/rails/rack/logger.rb:24:in `block in call'
activesupport (5.1.4) lib/active_support/tagged_logging.rb:69:in `block in tagged'
activesupport (5.1.4) lib/active_support/tagged_logging.rb:26:in `tagged'
activesupport (5.1.4) lib/active_support/tagged_logging.rb:69:in `tagged'
railties (5.1.4) lib/rails/rack/logger.rb:24:in `call'
actionpack (5.1.4) lib/action_dispatch/middleware/remote_ip.rb:79:in `call'
actionpack (5.1.4) lib/action_dispatch/middleware/request_id.rb:25:in `call'
rack (2.0.3) lib/rack/runtime.rb:22:in `call'
activesupport (5.1.4) lib/active_support/cache/strategy/local_cache_middleware.rb:27:in `call'
actionpack (5.1.4) lib/action_dispatch/middleware/executor.rb:12:in `call'
actionpack (5.1.4) lib/action_dispatch/middleware/static.rb:125:in `call'
rack (2.0.3) lib/rack/sendfile.rb:111:in `call'
railties (5.1.4) lib/rails/engine.rb:522:in `call'
puma (3.11.0) lib/puma/configuration.rb:225:in `call'
puma (3.11.0) lib/puma/server.rb:624:in `handle_request'
puma (3.11.0) lib/puma/server.rb:438:in `process_client'
puma (3.11.0) lib/puma/server.rb:302:in `block in run'
puma (3.11.0) lib/puma/thread_pool.rb:120:in `block in spawn_thread'
Started OPTIONS "/api/v1/signup" for 127.0.0.1 at 2017-12-19 15:19:17 -0500
  [1m[35m (2.2ms)[0m  [1m[34mSELECT "schema_migrations"."version" FROM "schema_migrations" ORDER BY "schema_migrations"."version" ASC[0m
  
ActionController::RoutingError (No route matches [OPTIONS] "/api/v1/signup"):
  
actionpack (5.1.4) lib/action_dispatch/middleware/debug_exceptions.rb:63:in `call'
actionpack (5.1.4) lib/action_dispatch/middleware/show_exceptions.rb:31:in `call'
railties (5.1.4) lib/rails/rack/logger.rb:36:in `call_app'
railties (5.1.4) lib/rails/rack/logger.rb:24:in `block in call'
activesupport (5.1.4) lib/active_support/tagged_logging.rb:69:in `block in tagged'
activesupport (5.1.4) lib/active_support/tagged_logging.rb:26:in `tagged'
activesupport (5.1.4) lib/active_support/tagged_logging.rb:69:in `tagged'
railties (5.1.4) lib/rails/rack/logger.rb:24:in `call'
actionpack (5.1.4) lib/action_dispatch/middleware/remote_ip.rb:79:in `call'
actionpack (5.1.4) lib/action_dispatch/middleware/request_id.rb:25:in `call'
rack (2.0.3) lib/rack/runtime.rb:22:in `call'
activesupport (5.1.4) lib/active_support/cache/strategy/local_cache_middleware.rb:27:in `call'
actionpack (5.1.4) lib/action_dispatch/middleware/executor.rb:12:in `call'
actionpack (5.1.4) lib/action_dispatch/middleware/static.rb:125:in `call'
rack (2.0.3) lib/rack/sendfile.rb:111:in `call'
railties (5.1.4) lib/rails/engine.rb:522:in `call'
puma (3.11.0) lib/puma/configuration.rb:225:in `call'
puma (3.11.0) lib/puma/server.rb:624:in `handle_request'
puma (3.11.0) lib/puma/server.rb:438:in `process_client'
puma (3.11.0) lib/puma/server.rb:302:in `block in run'
puma (3.11.0) lib/puma/thread_pool.rb:120:in `block in spawn_thread'
Started GET "/api/v1/home" for 127.0.0.1 at 2017-12-19 15:19:33 -0500
  
ActionController::RoutingError (No route matches [GET] "/api/v1/home"):
  
actionpack (5.1.4) lib/action_dispatch/middleware/debug_exceptions.rb:63:in `call'
actionpack (5.1.4) lib/action_dispatch/middleware/show_exceptions.rb:31:in `call'
railties (5.1.4) lib/rails/rack/logger.rb:36:in `call_app'
railties (5.1.4) lib/rails/rack/logger.rb:24:in `block in call'
activesupport (5.1.4) lib/active_support/tagged_logging.rb:69:in `block in tagged'
activesupport (5.1.4) lib/active_support/tagged_logging.rb:26:in `tagged'
activesupport (5.1.4) lib/active_support/tagged_logging.rb:69:in `tagged'
railties (5.1.4) lib/rails/rack/logger.rb:24:in `call'
actionpack (5.1.4) lib/action_dispatch/middleware/remote_ip.rb:79:in `call'
actionpack (5.1.4) lib/action_dispatch/middleware/request_id.rb:25:in `call'
rack (2.0.3) lib/rack/runtime.rb:22:in `call'
activesupport (5.1.4) lib/active_support/cache/strategy/local_cache_middleware.rb:27:in `call'
actionpack (5.1.4) lib/action_dispatch/middleware/executor.rb:12:in `call'
actionpack (5.1.4) lib/action_dispatch/middleware/static.rb:125:in `call'
rack (2.0.3) lib/rack/sendfile.rb:111:in `call'
railties (5.1.4) lib/rails/engine.rb:522:in `call'
puma (3.11.0) lib/puma/configuration.rb:225:in `call'
puma (3.11.0) lib/puma/server.rb:624:in `handle_request'
puma (3.11.0) lib/puma/server.rb:438:in `process_client'
puma (3.11.0) lib/puma/server.rb:302:in `block in run'
puma (3.11.0) lib/puma/thread_pool.rb:120:in `block in spawn_thread'
Started GET "/api/v1/signup" for 127.0.0.1 at 2017-12-19 15:19:36 -0500
  
ActionController::RoutingError (No route matches [GET] "/api/v1/signup"):
  
actionpack (5.1.4) lib/action_dispatch/middleware/debug_exceptions.rb:63:in `call'
actionpack (5.1.4) lib/action_dispatch/middleware/show_exceptions.rb:31:in `call'
railties (5.1.4) lib/rails/rack/logger.rb:36:in `call_app'
railties (5.1.4) lib/rails/rack/logger.rb:24:in `block in call'
activesupport (5.1.4) lib/active_support/tagged_logging.rb:69:in `block in tagged'
activesupport (5.1.4) lib/active_support/tagged_logging.rb:26:in `tagged'
activesupport (5.1.4) lib/active_support/tagged_logging.rb:69:in `tagged'
railties (5.1.4) lib/rails/rack/logger.rb:24:in `call'
actionpack (5.1.4) lib/action_dispatch/middleware/remote_ip.rb:79:in `call'
actionpack (5.1.4) lib/action_dispatch/middleware/request_id.rb:25:in `call'
rack (2.0.3) lib/rack/runtime.rb:22:in `call'
activesupport (5.1.4) lib/active_support/cache/strategy/local_cache_middleware.rb:27:in `call'
actionpack (5.1.4) lib/action_dispatch/middleware/executor.rb:12:in `call'
actionpack (5.1.4) lib/action_dispatch/middleware/static.rb:125:in `call'
rack (2.0.3) lib/rack/sendfile.rb:111:in `call'
railties (5.1.4) lib/rails/engine.rb:522:in `call'
puma (3.11.0) lib/puma/configuration.rb:225:in `call'
puma (3.11.0) lib/puma/server.rb:624:in `handle_request'
puma (3.11.0) lib/puma/server.rb:438:in `process_client'
puma (3.11.0) lib/puma/server.rb:302:in `block in run'
puma (3.11.0) lib/puma/thread_pool.rb:120:in `block in spawn_thread'
Started OPTIONS "/api/v1/signup" for 127.0.0.1 at 2017-12-19 15:26:48 -0500
  [1m[35m (1.6ms)[0m  [1m[34mSELECT "schema_migrations"."version" FROM "schema_migrations" ORDER BY "schema_migrations"."version" ASC[0m
  
ActionController::RoutingError (No route matches [OPTIONS] "/api/v1/signup"):
  
actionpack (5.1.4) lib/action_dispatch/middleware/debug_exceptions.rb:63:in `call'
actionpack (5.1.4) lib/action_dispatch/middleware/show_exceptions.rb:31:in `call'
railties (5.1.4) lib/rails/rack/logger.rb:36:in `call_app'
railties (5.1.4) lib/rails/rack/logger.rb:24:in `block in call'
activesupport (5.1.4) lib/active_support/tagged_logging.rb:69:in `block in tagged'
activesupport (5.1.4) lib/active_support/tagged_logging.rb:26:in `tagged'
activesupport (5.1.4) lib/active_support/tagged_logging.rb:69:in `tagged'
railties (5.1.4) lib/rails/rack/logger.rb:24:in `call'
actionpack (5.1.4) lib/action_dispatch/middleware/remote_ip.rb:79:in `call'
actionpack (5.1.4) lib/action_dispatch/middleware/request_id.rb:25:in `call'
rack (2.0.3) lib/rack/runtime.rb:22:in `call'
activesupport (5.1.4) lib/active_support/cache/strategy/local_cache_middleware.rb:27:in `call'
actionpack (5.1.4) lib/action_dispatch/middleware/executor.rb:12:in `call'
actionpack (5.1.4) lib/action_dispatch/middleware/static.rb:125:in `call'
rack (2.0.3) lib/rack/sendfile.rb:111:in `call'
railties (5.1.4) lib/rails/engine.rb:522:in `call'
puma (3.11.0) lib/puma/configuration.rb:225:in `call'
puma (3.11.0) lib/puma/server.rb:624:in `handle_request'
puma (3.11.0) lib/puma/server.rb:438:in `process_client'
puma (3.11.0) lib/puma/server.rb:302:in `block in run'
puma (3.11.0) lib/puma/thread_pool.rb:120:in `block in spawn_thread'
Started POST "/api/v1/signup" for 127.0.0.1 at 2017-12-19 15:28:09 -0500
  [1m[35m (1.7ms)[0m  [1m[34mSELECT "schema_migrations"."version" FROM "schema_migrations" ORDER BY "schema_migrations"."version" ASC[0m
Processing by Api::V1::UsersController#create as */*
  Parameters: {"username"=>"gene", "password"=>"[FILTERED]", "passwordConfirmation"=>"[FILTERED]", "user"=>{"username"=>"gene"}}
Completed 204 No Content in 63524ms (ActiveRecord: 4.5ms)


Started POST "/api/v1/signup" for 127.0.0.1 at 2017-12-19 15:29:21 -0500
Processing by Api::V1::UsersController#create as */*
  Parameters: {"user"=>{"username"=>"gene", "password"=>"[FILTERED]", "passwordConfirmation"=>"[FILTERED]"}}
Completed 204 No Content in 632785ms (ActiveRecord: 0.0ms)


Started POST "/api/v1/signup" for 127.0.0.1 at 2017-12-19 15:40:17 -0500
Processing by Api::V1::UsersController#create as */*
  Parameters: {"user"=>{"username"=>"gene", "password"=>"[FILTERED]", "passwordConfirmation"=>"[FILTERED]"}}
Completed 500 Internal Server Error in 136ms (ActiveRecord: 21.7ms)


  
ActiveModel::UnknownAttributeError (unknown attribute 'passwordConfirmation' for User.):
  
app/controllers/api/v1/users_controller.rb:4:in `create'
Started POST "/api/v1/signup" for 127.0.0.1 at 2017-12-19 15:40:37 -0500
Processing by Api::V1::UsersController#create as */*
  Parameters: {"user"=>{"username"=>"gene", "password"=>"[FILTERED]", "passwordConfirmation"=>"[FILTERED]"}}
Completed 500 Internal Server Error in 96ms (ActiveRecord: 0.0ms)


  
ActiveModel::UnknownAttributeError (unknown attribute 'passwordConfirmation' for User.):
  
app/controllers/api/v1/users_controller.rb:4:in `create'
Started POST "/api/v1/signup" for 127.0.0.1 at 2017-12-19 15:41:30 -0500
Processing by Api::V1::UsersController#create as */*
  Parameters: {"user"=>{"username"=>"gene", "password"=>"[FILTERED]", "passwordConfirmation"=>"[FILTERED]"}}
Completed 500 Internal Server Error in 71411ms (ActiveRecord: 6.7ms)


  
ActiveModel::UnknownAttributeError (unknown attribute 'passwordConfirmation' for User.):
  
app/controllers/api/v1/users_controller.rb:6:in `create'
Started POST "/api/v1/signup" for 127.0.0.1 at 2017-12-19 15:44:04 -0500
Processing by Api::V1::UsersController#create as */*
  Parameters: {"user"=>{"username"=>"gene", "password"=>"[FILTERED]", "passwordConfirmation"=>"[FILTERED]"}}
  [1m[35m (0.3ms)[0m  [1m[35mBEGIN[0m
  [1m[35mSQL (9.6ms)[0m  [1m[32mINSERT INTO "users" ("username", "password_digest", "created_at", "updated_at") VALUES ($1, $2, $3, $4) RETURNING "id"[0m  [["username", "gene"], ["password_digest", "$2a$10$zxsUfvf/YLDuMQPfcmFggOH/ie7nKuzirMoM4aQR8wpLOKsMulJ06"], ["created_at", "2017-12-19 20:44:14.026672"], ["updated_at", "2017-12-19 20:44:14.026672"]]
  [1m[35m (2.3ms)[0m  [1m[35mCOMMIT[0m
[active_model_serializers] Rendered ActiveModel::Serializer::Null with Hash (0.11ms)
Completed 200 OK in 9296ms (Views: 8.3ms | ActiveRecord: 18.2ms)


Started POST "/api/v1/signup" for 127.0.0.1 at 2017-12-19 15:49:28 -0500
Processing by Api::V1::UsersController#create as */*
  Parameters: {"user"=>{"username"=>"gene", "password"=>"[FILTERED]", "passwordConfirmation"=>"[FILTERED]"}}
  [1m[35m (0.3ms)[0m  [1m[35mBEGIN[0m
  [1m[35mSQL (0.6ms)[0m  [1m[32mINSERT INTO "users" ("username", "password_digest", "created_at", "updated_at") VALUES ($1, $2, $3, $4) RETURNING "id"[0m  [["username", "gene"], ["password_digest", "$2a$10$6opjXjgEH9tL2HFg9akK..t9KUNUlOfc0A4F8NstmacSNMn53YWdm"], ["created_at", "2017-12-19 20:49:28.238294"], ["updated_at", "2017-12-19 20:49:28.238294"]]
  [1m[35m (8.6ms)[0m  [1m[35mCOMMIT[0m
Completed 500 Internal Server Error in 116ms (ActiveRecord: 15.2ms)


  
TypeError (no implicit conversion of nil into String):
  
app/controllers/api/v1/users_controller.rb:8:in `create'
Started POST "/api/v1/signup" for 127.0.0.1 at 2017-12-19 15:50:17 -0500
  [1m[35m (1.0ms)[0m  [1m[34mSELECT "schema_migrations"."version" FROM "schema_migrations" ORDER BY "schema_migrations"."version" ASC[0m
Processing by Api::V1::UsersController#create as */*
  Parameters: {"user"=>{"username"=>"gene", "password"=>"[FILTERED]", "passwordConfirmation"=>"[FILTERED]"}}
  [1m[35m (0.3ms)[0m  [1m[35mBEGIN[0m
  [1m[35mSQL (1.1ms)[0m  [1m[32mINSERT INTO "users" ("username", "password_digest", "created_at", "updated_at") VALUES ($1, $2, $3, $4) RETURNING "id"[0m  [["username", "gene"], ["password_digest", "$2a$10$NeEXEjnr9sGc/QPtCgtKW.RgR0Nbxqzg/FUA53CJm.uSbGQY8fexa"], ["created_at", "2017-12-19 20:50:18.240875"], ["updated_at", "2017-12-19 20:50:18.240875"]]
  [1m[35m (8.1ms)[0m  [1m[35mCOMMIT[0m
[active_model_serializers] Rendered ActiveModel::Serializer::Null with Hash (0.28ms)
Completed 200 OK in 21738ms (Views: 7.4ms | ActiveRecord: 16.6ms)


Started POST "/api/v1/signup" for 127.0.0.1 at 2017-12-19 15:52:35 -0500
Processing by Api::V1::UsersController#create as */*
  Parameters: {"user"=>{"username"=>"gene", "password"=>"[FILTERED]", "passwordConfirmation"=>"[FILTERED]"}}
  [1m[35m (0.3ms)[0m  [1m[35mBEGIN[0m
  [1m[35mSQL (0.5ms)[0m  [1m[32mINSERT INTO "users" ("username", "password_digest", "created_at", "updated_at") VALUES ($1, $2, $3, $4) RETURNING "id"[0m  [["username", "gene"], ["password_digest", "$2a$10$aqXya/1FKrswb6p6ZrMQz.1caXN8rT7AQP1HTIlrEah27LVQP0.da"], ["created_at", "2017-12-19 20:52:45.236212"], ["updated_at", "2017-12-19 20:52:45.236212"]]
  [1m[35m (7.6ms)[0m  [1m[35mCOMMIT[0m
[active_model_serializers] Rendered ActiveModel::Serializer::Null with Hash (0.12ms)
Completed 200 OK in 117ms (Views: 6.5ms | ActiveRecord: 8.4ms)


Started POST "/api/v1/signup" for 127.0.0.1 at 2017-12-19 15:53:33 -0500
Processing by Api::V1::UsersController#create as */*
  Parameters: {"user"=>{"username"=>"gene", "password"=>"[FILTERED]", "passwordConfirmation"=>"[FILTERED]"}}
  [1m[35m (0.2ms)[0m  [1m[35mBEGIN[0m
  [1m[35mSQL (1.3ms)[0m  [1m[32mINSERT INTO "users" ("username", "password_digest", "created_at", "updated_at") VALUES ($1, $2, $3, $4) RETURNING "id"[0m  [["username", "gene"], ["password_digest", "$2a$10$W33saUxprEGAXQ3Ij.MSY.Pt1T8r6Wzb8kYPjd5UmTF7YcCQ8vsL2"], ["created_at", "2017-12-19 20:53:33.867162"], ["updated_at", "2017-12-19 20:53:33.867162"]]
  [1m[35m (0.6ms)[0m  [1m[35mCOMMIT[0m
[active_model_serializers] Rendered ActiveModel::Serializer::Null with Hash (0.12ms)
Completed 200 OK in 101ms (Views: 0.6ms | ActiveRecord: 2.1ms)


Started POST "/api/v1/signup" for 127.0.0.1 at 2017-12-19 15:54:14 -0500
Processing by Api::V1::UsersController#create as */*
  Parameters: {"user"=>{"username"=>"gene", "password"=>"[FILTERED]", "passwordConfirmation"=>"[FILTERED]"}}
  [1m[35m (0.2ms)[0m  [1m[35mBEGIN[0m
  [1m[35mSQL (0.5ms)[0m  [1m[32mINSERT INTO "users" ("username", "password_digest", "created_at", "updated_at") VALUES ($1, $2, $3, $4) RETURNING "id"[0m  [["username", "gene"], ["password_digest", "$2a$10$n2irfvelBCfvYFqOjq9x0ev7I8C1iXUEfvbtX1LLpQzuxKeGs.MWq"], ["created_at", "2017-12-19 20:54:14.613641"], ["updated_at", "2017-12-19 20:54:14.613641"]]
  [1m[35m (7.8ms)[0m  [1m[35mCOMMIT[0m
[active_model_serializers] Rendered ActiveModel::Serializer::Null with Hash (0.15ms)
Completed 200 OK in 108ms (Views: 0.9ms | ActiveRecord: 8.5ms)


Started POST "/api/v1/signup" for 127.0.0.1 at 2017-12-19 15:55:39 -0500
Processing by Api::V1::UsersController#create as */*
  Parameters: {"user"=>{"username"=>"meryl", "password"=>"[FILTERED]", "passwordConfirmation"=>"[FILTERED]"}}
  [1m[35m (0.2ms)[0m  [1m[35mBEGIN[0m
  [1m[35mSQL (0.6ms)[0m  [1m[32mINSERT INTO "users" ("username", "password_digest", "created_at", "updated_at") VALUES ($1, $2, $3, $4) RETURNING "id"[0m  [["username", "meryl"], ["password_digest", "$2a$10$pvqtTB8zZRnUZfQmj6xjXOWFvPx559x132a68XK9U6oIDZNyvQoZG"], ["created_at", "2017-12-19 20:55:39.688218"], ["updated_at", "2017-12-19 20:55:39.688218"]]
  [1m[35m (8.6ms)[0m  [1m[35mCOMMIT[0m
[active_model_serializers] Rendered ActiveModel::Serializer::Null with Hash (0.16ms)
Completed 200 OK in 109ms (Views: 1.0ms | ActiveRecord: 9.4ms)


Started POST "/api/v1/signup" for 127.0.0.1 at 2017-12-19 15:58:15 -0500
Processing by Api::V1::UsersController#create as */*
  Parameters: {"user"=>{"username"=>"alex", "password"=>"[FILTERED]", "passwordConfirmation"=>"[FILTERED]"}}
  [1m[35m (0.1ms)[0m  [1m[35mBEGIN[0m
  [1m[35mSQL (0.6ms)[0m  [1m[32mINSERT INTO "users" ("username", "password_digest", "created_at", "updated_at") VALUES ($1, $2, $3, $4) RETURNING "id"[0m  [["username", "alex"], ["password_digest", "$2a$10$cQtV6wc0UptZ61ncO1Xa.u2X1E3RPZcPLWfoJAvzWfbEEioNGZtuq"], ["created_at", "2017-12-19 20:58:15.734926"], ["updated_at", "2017-12-19 20:58:15.734926"]]
  [1m[35m (7.9ms)[0m  [1m[35mCOMMIT[0m
[active_model_serializers] Rendered ActiveModel::Serializer::Null with Hash (0.14ms)
Completed 200 OK in 106ms (Views: 1.1ms | ActiveRecord: 8.6ms)


Started POST "/api/v1/signup" for 127.0.0.1 at 2017-12-19 16:05:20 -0500
Processing by Api::V1::UsersController#create as */*
  Parameters: {"user"=>{"username"=>"tim", "password"=>"[FILTERED]", "passwordConfirmation"=>"[FILTERED]"}}
  [1m[35m (0.2ms)[0m  [1m[35mBEGIN[0m
  [1m[35mSQL (2.1ms)[0m  [1m[32mINSERT INTO "users" ("username", "password_digest", "created_at", "updated_at") VALUES ($1, $2, $3, $4) RETURNING "id"[0m  [["username", "tim"], ["password_digest", "$2a$10$8q/hWxkee99gmnqelio5MusdH6uVVPpaQV.uBF/fuDeGbZ5fg/hb6"], ["created_at", "2017-12-19 21:05:21.082509"], ["updated_at", "2017-12-19 21:05:21.082509"]]
  [1m[35m (8.6ms)[0m  [1m[35mCOMMIT[0m
[active_model_serializers] Rendered ActiveModel::Serializer::Null with Hash (0.11ms)
Completed 200 OK in 166ms (Views: 55.3ms | ActiveRecord: 10.9ms)


